Lifecycle scripts included in undefined:
  test
    jest --watchAll  --detectOpenHandles --verbose --coverage 
  start
    npm run build && node dist/server.js
available via `npm run`:
  build
    tsc
  dev
    nodemon --exec "npx tsx" server.ts
  check
    prettier --check .
  format
    prettier --write .
  vercel-build
    echo yay
Lifecycle scripts included in undefined:
  test
    jest --watchAll  --detectOpenHandles --verbose --coverage 
  start
    npm run build && node dist/server.js
available via `npm run`:
  build
    tsc
  dev
    nodemon --exec "npx tsx" server.ts
  check
    prettier --check .
  format
    prettier --write .
  vercel-build
    echo yay
